<?xml version="1.0" encoding="UTF-8"?>
<!-- Generated by org.testng.reporters.JUnitXMLReporter -->
<testsuite ignored="0" hostname="DESKTOP-QECEQN7" failures="2" tests="2" name="Test" time="0.269" errors="0" timestamp="2022-11-02T13:30:05 IST">
  <testcase classname="FirstPackage.LoginPage" name="test1" time="0.108">
    <failure type="java.lang.IllegalStateException" message="The driver executable must exist: C:\Users\Devgan\eclipse-workspace\FrameworkSeleniumsrc\test\resources\Executables\ChromeSetup.exe">
      <![CDATA[java.lang.IllegalStateException: The driver executable must exist: C:\Users\Devgan\eclipse-workspace\FrameworkSeleniumsrc\test\resources\Executables\ChromeSetup.exe
at org.openqa.selenium.internal.Require$FileStateChecker.isFile(Require.java:342)
at org.openqa.selenium.remote.service.DriverService.checkExecutable(DriverService.java:147)
at org.openqa.selenium.remote.service.DriverService.findExecutable(DriverService.java:142)
at org.openqa.selenium.chrome.ChromeDriverService.access$000(ChromeDriverService.java:39)
at org.openqa.selenium.chrome.ChromeDriverService$Builder.findDefaultExecutable(ChromeDriverService.java:233)
at org.openqa.selenium.remote.service.DriverService$Builder.build(DriverService.java:437)
at org.openqa.selenium.chrome.ChromeDriverService.createDefaultService(ChromeDriverService.java:128)
at org.openqa.selenium.chrome.ChromeDriver.<init>(ChromeDriver.java:49)
at FirstPackage.LoginPage.test1(LoginPage.java:16)
at java.base/java.util.ArrayList.forEach(ArrayList.java:1511)
... Removed 27 stack frames]]>
    </failure>
  </testcase> <!-- test1 -->
  <testcase classname="FirstPackage.LoginPage" name="test2" time="0.008">
    <failure type="java.lang.IllegalStateException" message="The driver executable must exist: C:\Users\Devgan\eclipse-workspace\FrameworkSeleniumsrc\test\resources\Executables\ChromeSetup.exe">
      <![CDATA[java.lang.IllegalStateException: The driver executable must exist: C:\Users\Devgan\eclipse-workspace\FrameworkSeleniumsrc\test\resources\Executables\ChromeSetup.exe
at org.openqa.selenium.internal.Require$FileStateChecker.isFile(Require.java:342)
at org.openqa.selenium.remote.service.DriverService.checkExecutable(DriverService.java:147)
at org.openqa.selenium.remote.service.DriverService.findExecutable(DriverService.java:142)
at org.openqa.selenium.chrome.ChromeDriverService.access$000(ChromeDriverService.java:39)
at org.openqa.selenium.chrome.ChromeDriverService$Builder.findDefaultExecutable(ChromeDriverService.java:233)
at org.openqa.selenium.remote.service.DriverService$Builder.build(DriverService.java:437)
at org.openqa.selenium.chrome.ChromeDriverService.createDefaultService(ChromeDriverService.java:128)
at org.openqa.selenium.chrome.ChromeDriver.<init>(ChromeDriver.java:49)
at FirstPackage.LoginPage.test2(LoginPage.java:30)
at java.base/java.util.ArrayList.forEach(ArrayList.java:1511)
... Removed 27 stack frames]]>
    </failure>
  </testcase> <!-- test2 -->
</testsuite> <!-- Test -->
